Determining if the pthread_create exist failed with the following output:
Change Dir: /home/armando/Documentos/S.O/WebServerSchemas/Client/cmake-build-debug/CMakeFiles/CMakeTmp

Run Build Command:"/usr/bin/make" "cmTC_b91a9/fast"
/usr/bin/make -f CMakeFiles/cmTC_b91a9.dir/build.make CMakeFiles/cmTC_b91a9.dir/build
make[1]: se entra en el directorio '/home/armando/Documentos/S.O/WebServerSchemas/Client/cmake-build-debug/CMakeFiles/CMakeTmp'
Building C object CMakeFiles/cmTC_b91a9.dir/CheckSymbolExists.c.o
/usr/bin/cc   -std=gnu11 -o CMakeFiles/cmTC_b91a9.dir/CheckSymbolExists.c.o   -c /home/armando/Documentos/S.O/WebServerSchemas/Client/cmake-build-debug/CMakeFiles/CMakeTmp/CheckSymbolExists.c
Linking C executable cmTC_b91a9
/opt/clion-2017.2.2/bin/cmake/bin/cmake -E cmake_link_script CMakeFiles/cmTC_b91a9.dir/link.txt --verbose=1
/usr/bin/cc      CMakeFiles/cmTC_b91a9.dir/CheckSymbolExists.c.o  -o cmTC_b91a9 
CMakeFiles/cmTC_b91a9.dir/CheckSymbolExists.c.o: En la funci√≥n `main':
CheckSymbolExists.c:(.text+0x16): referencia a `pthread_create' sin definir
collect2: error: ld returned 1 exit status
CMakeFiles/cmTC_b91a9.dir/build.make:97: fallo en las instrucciones para el objetivo 'cmTC_b91a9'
make[1]: *** [cmTC_b91a9] Error 1
make[1]: se sale del directorio '/home/armando/Documentos/S.O/WebServerSchemas/Client/cmake-build-debug/CMakeFiles/CMakeTmp'
Makefile:126: fallo en las instrucciones para el objetivo 'cmTC_b91a9/fast'
make: *** [cmTC_b91a9/fast] Error 2

File /home/armando/Documentos/S.O/WebServerSchemas/Client/cmake-build-debug/CMakeFiles/CMakeTmp/CheckSymbolExists.c:
/* */
#include <pthread.h>

int main(int argc, char** argv)
{
  (void)argv;
#ifndef pthread_create
  return ((int*)(&pthread_create))[argc];
#else
  (void)argc;
  return 0;
#endif
}

Determining if the function pthread_create exists in the pthreads failed with the following output:
Change Dir: /home/armando/Documentos/S.O/WebServerSchemas/Client/cmake-build-debug/CMakeFiles/CMakeTmp

Run Build Command:"/usr/bin/make" "cmTC_d6961/fast"
/usr/bin/make -f CMakeFiles/cmTC_d6961.dir/build.make CMakeFiles/cmTC_d6961.dir/build
make[1]: se entra en el directorio '/home/armando/Documentos/S.O/WebServerSchemas/Client/cmake-build-debug/CMakeFiles/CMakeTmp'
Building C object CMakeFiles/cmTC_d6961.dir/CheckFunctionExists.c.o
/usr/bin/cc   -DCHECK_FUNCTION_EXISTS=pthread_create   -std=gnu11 -o CMakeFiles/cmTC_d6961.dir/CheckFunctionExists.c.o   -c /opt/clion-2017.2.2/bin/cmake/share/cmake-3.8/Modules/CheckFunctionExists.c
Linking C executable cmTC_d6961
/opt/clion-2017.2.2/bin/cmake/bin/cmake -E cmake_link_script CMakeFiles/cmTC_d6961.dir/link.txt --verbose=1
/usr/bin/cc  -DCHECK_FUNCTION_EXISTS=pthread_create    CMakeFiles/cmTC_d6961.dir/CheckFunctionExists.c.o  -o cmTC_d6961 -lpthreads 
/usr/bin/ld: no se puede encontrar -lpthreads
collect2: error: ld returned 1 exit status
CMakeFiles/cmTC_d6961.dir/build.make:97: fallo en las instrucciones para el objetivo 'cmTC_d6961'
make[1]: *** [cmTC_d6961] Error 1
make[1]: se sale del directorio '/home/armando/Documentos/S.O/WebServerSchemas/Client/cmake-build-debug/CMakeFiles/CMakeTmp'
Makefile:126: fallo en las instrucciones para el objetivo 'cmTC_d6961/fast'
make: *** [cmTC_d6961/fast] Error 2


